
[INFO ] 2025-07-13 14:17:13.883 [main] Log - This is request builder
[INFO ] 2025-07-13 14:17:13.887 [main] Log - this is setEmail
[INFO ] 2025-07-13 14:17:13.973 [main] Log - This is the beginning of post request
[INFO ] 2025-07-13 14:17:16.133 [main] Log - This is request builder
[INFO ] 2025-07-13 14:17:16.133 [main] Log - this is setEmail
[INFO ] 2025-07-13 14:17:16.134 [main] Log - This is the beginning of post request
[INFO ] 2025-08-23 16:29:39.921 [main] Log - This is request builder
[INFO ] 2025-08-23 16:29:39.924 [main] Log - this is setEmailhh
[INFO ] 2025-08-23 16:29:39.924 [main] Log - this is setEmailhh
[INFO ] 2025-08-23 16:29:39.961 [main] Log - This is the beginning of post request
[INFO ] 2025-08-23 16:29:42.193 [main] Log - This is request builder
[INFO ] 2025-08-23 16:29:42.193 [main] Log - this is setEmailhh
[INFO ] 2025-08-23 16:29:42.194 [main] Log - this is setEmailhh
[INFO ] 2025-08-23 16:29:42.195 [main] Log - This is the beginning of post request
[INFO ] 2025-08-23 16:35:42.864 [main] Log - This is request builder
[INFO ] 2025-08-23 16:35:42.867 [main] Log - this is setEmailhh
[INFO ] 2025-08-23 16:35:42.867 [main] Log - this is setEmailhh
[INFO ] 2025-08-23 16:35:42.917 [main] Log - This is the beginning of post request
[INFO ] 2025-08-23 16:35:44.970 [main] Log - This is request builder
[INFO ] 2025-08-23 16:35:44.971 [main] Log - this is setEmailhh
[INFO ] 2025-08-23 16:35:44.971 [main] Log - this is setEmailhh
[INFO ] 2025-08-23 16:35:44.971 [main] Log - This is the beginning of post request
[INFO ] 2025-08-23 16:35:45.509 [main] Log - This is request builder
[INFO ] 2025-08-23 16:35:45.511 [main] Log - this is setEmailhh
[INFO ] 2025-08-23 16:35:45.511 [main] Log - this is setEmailhh
[INFO ] 2025-08-23 16:35:45.512 [main] Log - This is the beginning of post request
[INFO ] 2025-08-23 16:35:46.444 [main] Log - This is request builder
[INFO ] 2025-08-23 16:35:46.444 [main] Log - this is setEmailhh
[INFO ] 2025-08-23 16:35:46.444 [main] Log - this is setEmailhh
[INFO ] 2025-08-23 16:35:46.445 [main] Log - This is the beginning of post request
[INFO ] 2025-08-23 16:35:46.945 [main] Log - This is request builder
[INFO ] 2025-08-23 16:35:46.946 [main] Log - this is setEmailhh
[INFO ] 2025-08-23 16:35:46.954 [main] Log - this is setEmailhh
[INFO ] 2025-08-23 16:35:46.955 [main] Log - This is the beginning of post request
[INFO ] 2025-08-23 16:35:47.954 [main] Log - This is request builder
[INFO ] 2025-08-23 16:35:47.954 [main] Log - this is setEmailhh
[INFO ] 2025-08-23 16:35:47.954 [main] Log - this is setEmailhh
[INFO ] 2025-08-23 16:35:47.955 [main] Log - This is the beginning of post request
[INFO ] 2025-08-23 16:35:49.201 [main] Log - This is request builder
[INFO ] 2025-08-23 16:35:49.201 [main] Log - this is setEmailhh
[INFO ] 2025-08-23 16:35:49.201 [main] Log - this is setEmailhh
[INFO ] 2025-08-23 16:35:49.202 [main] Log - This is the beginning of post request
[INFO ] 2025-08-23 16:35:50.415 [main] Log - This is request builder
[INFO ] 2025-08-23 16:35:50.416 [main] Log - this is setEmailhh
[INFO ] 2025-08-23 16:35:50.416 [main] Log - this is setEmailhh
[INFO ] 2025-08-23 16:35:50.417 [main] Log - This is the beginning of post request
[INFO ] 2025-08-23 16:35:51.331 [main] Log - This is request builder
[INFO ] 2025-08-23 16:35:51.331 [main] Log - this is setEmailhh
[INFO ] 2025-08-23 16:35:51.331 [main] Log - this is setEmailhh
[INFO ] 2025-08-23 16:35:51.332 [main] Log - This is the beginning of post request
[INFO ] 2025-08-23 16:35:51.843 [main] Log - This is request builder
[INFO ] 2025-08-23 16:35:51.843 [main] Log - this is setEmailhh
[INFO ] 2025-08-23 16:35:51.843 [main] Log - this is setEmailhh
[INFO ] 2025-08-23 16:35:51.845 [main] Log - This is the beginning of post request
[INFO ] 2025-08-23 16:35:52.405 [main] Log - This is request builder
[INFO ] 2025-08-23 16:35:52.405 [main] Log - this is setEmailhh
[INFO ] 2025-08-23 16:35:52.405 [main] Log - this is setEmailhh
[INFO ] 2025-08-23 16:35:52.405 [main] Log - This is the beginning of post request
[INFO ] 2025-08-23 16:35:52.865 [main] Log - This is request builder
[INFO ] 2025-08-23 16:35:52.865 [main] Log - this is setEmailhh
[INFO ] 2025-08-23 16:35:52.865 [main] Log - this is setEmailhh
[INFO ] 2025-08-23 16:35:52.866 [main] Log - This is the beginning of post request
[INFO ] 2025-08-23 16:35:53.276 [main] Log - This is request builder
[INFO ] 2025-08-23 16:35:53.276 [main] Log - this is setEmailhh
[INFO ] 2025-08-23 16:35:53.276 [main] Log - this is setEmailhh
[INFO ] 2025-08-23 16:35:53.278 [main] Log - This is the beginning of post request
[INFO ] 2025-08-23 16:35:53.686 [main] Log - This is request builder
[INFO ] 2025-08-23 16:35:53.686 [main] Log - this is setEmailhh
[INFO ] 2025-08-23 16:35:53.686 [main] Log - this is setEmailhh
[INFO ] 2025-08-23 16:35:53.686 [main] Log - This is the beginning of post request
[INFO ] 2025-08-23 17:04:54.677 [main] Log - This is request builder
[INFO ] 2025-08-23 17:04:54.681 [main] Log - this is setEmailhh
[INFO ] 2025-08-23 17:04:54.681 [main] Log - this is setEmailhh
[INFO ] 2025-08-23 17:04:54.731 [main] Log - This is the beginning of post request
[INFO ] 2025-08-23 17:04:59.818 [main] Log - This is request builder
[INFO ] 2025-08-23 17:04:59.820 [main] Log - this is setEmailhh
[INFO ] 2025-08-23 17:04:59.824 [main] Log - this is setEmailhh
[INFO ] 2025-08-23 17:04:59.826 [main] Log - This is the beginning of post request
[INFO ] 2025-08-23 17:05:04.076 [main] Log - This is request builder
[INFO ] 2025-08-23 17:05:04.076 [main] Log - this is setEmailhh
[INFO ] 2025-08-23 17:05:04.077 [main] Log - this is setEmailhh
[INFO ] 2025-08-23 17:05:04.078 [main] Log - This is the beginning of post request
[INFO ] 2025-08-23 17:05:41.375 [main] Log - This is request builder
[INFO ] 2025-08-23 17:05:41.378 [main] Log - this is setEmailhh
[INFO ] 2025-08-23 17:05:41.378 [main] Log - this is setEmailhh
[INFO ] 2025-08-23 17:05:41.411 [main] Log - This is the beginning of post request
[INFO ] 2025-08-23 17:05:46.892 [main] Log - This is request builder
[INFO ] 2025-08-23 17:05:46.893 [main] Log - this is setEmailhh
[INFO ] 2025-08-23 17:05:46.894 [main] Log - this is setEmailhh
[INFO ] 2025-08-23 17:05:46.896 [main] Log - This is the beginning of post request
[INFO ] 2025-08-23 17:05:50.495 [main] Log - This is request builder
[INFO ] 2025-08-23 17:05:50.497 [main] Log - this is setEmailhh
[INFO ] 2025-08-23 17:05:50.498 [main] Log - this is setEmailhh
[INFO ] 2025-08-23 17:05:50.500 [main] Log - This is the beginning of post request
[INFO ] 2025-08-23 17:05:54.094 [main] Log - This is request builder
[INFO ] 2025-08-23 17:05:54.095 [main] Log - this is setEmailhh
[INFO ] 2025-08-23 17:05:54.097 [main] Log - this is setEmailhh
[INFO ] 2025-08-23 17:05:54.100 [main] Log - This is the beginning of post request
[INFO ] 2025-08-23 17:05:57.646 [main] Log - This is request builder
[INFO ] 2025-08-23 17:05:57.649 [main] Log - this is setEmailhh
[INFO ] 2025-08-23 17:05:57.654 [main] Log - this is setEmailhh
[INFO ] 2025-08-23 17:05:57.659 [main] Log - This is the beginning of post request
[INFO ] 2025-08-23 17:06:01.858 [main] Log - This is request builder
[INFO ] 2025-08-23 17:06:01.859 [main] Log - this is setEmailhh
[INFO ] 2025-08-23 17:06:01.859 [main] Log - this is setEmailhh
[INFO ] 2025-08-23 17:06:01.863 [main] Log - This is the beginning of post request
[INFO ] 2025-08-23 17:06:05.873 [main] Log - This is request builder
[INFO ] 2025-08-23 17:06:05.874 [main] Log - this is setEmailhh
[INFO ] 2025-08-23 17:06:05.874 [main] Log - this is setEmailhh
[INFO ] 2025-08-23 17:06:05.877 [main] Log - This is the beginning of post request
[INFO ] 2025-08-23 17:06:09.415 [main] Log - This is request builder
[INFO ] 2025-08-23 17:06:09.415 [main] Log - this is setEmailhh
[INFO ] 2025-08-23 17:06:09.417 [main] Log - this is setEmailhh
[INFO ] 2025-08-23 17:06:09.421 [main] Log - This is the beginning of post request
[INFO ] 2025-08-23 17:06:12.892 [main] Log - This is request builder
[INFO ] 2025-08-23 17:06:12.894 [main] Log - this is setEmailhh
[INFO ] 2025-08-23 17:06:12.894 [main] Log - this is setEmailhh
[INFO ] 2025-08-23 17:06:12.897 [main] Log - This is the beginning of post request
[INFO ] 2025-08-23 17:08:39.873 [main] Log - This is request builder
[INFO ] 2025-08-23 17:08:39.880 [main] Log - this is setEmailhh
[INFO ] 2025-08-23 17:08:39.880 [main] Log - this is setEmailhh
[INFO ] 2025-08-23 17:08:39.921 [main] Log - This is the beginning of post request
[INFO ] 2025-08-23 17:08:46.215 [main] Log - This is request builder
[INFO ] 2025-08-23 17:08:46.217 [main] Log - this is setEmailhh
[INFO ] 2025-08-23 17:08:46.221 [main] Log - this is setEmailhh
[INFO ] 2025-08-23 17:08:46.223 [main] Log - This is the beginning of post request
[INFO ] 2025-08-23 17:08:50.193 [main] Log - This is request builder
[INFO ] 2025-08-23 17:08:50.194 [main] Log - this is setEmailhh
[INFO ] 2025-08-23 17:08:50.195 [main] Log - this is setEmailhh
[INFO ] 2025-08-23 17:08:50.196 [main] Log - This is the beginning of post request
[INFO ] 2025-08-23 17:08:53.676 [main] Log - This is request builder
[INFO ] 2025-08-23 17:08:53.676 [main] Log - this is setEmailhh
[INFO ] 2025-08-23 17:08:53.676 [main] Log - this is setEmailhh
[INFO ] 2025-08-23 17:08:53.678 [main] Log - This is the beginning of post request
[INFO ] 2025-08-23 17:08:57.154 [main] Log - This is request builder
[INFO ] 2025-08-23 17:08:57.154 [main] Log - this is setEmailhh
[INFO ] 2025-08-23 17:08:57.157 [main] Log - this is setEmailhh
[INFO ] 2025-08-23 17:08:57.157 [main] Log - This is the beginning of post request
[INFO ] 2025-08-23 17:09:00.628 [main] Log - This is request builder
[INFO ] 2025-08-23 17:09:00.629 [main] Log - this is setEmailhh
[INFO ] 2025-08-23 17:09:00.629 [main] Log - this is setEmailhh
[INFO ] 2025-08-23 17:09:00.633 [main] Log - This is the beginning of post request
[INFO ] 2025-08-23 17:09:04.111 [main] Log - This is request builder
[INFO ] 2025-08-23 17:09:04.111 [main] Log - this is setEmailhh
[INFO ] 2025-08-23 17:09:04.111 [main] Log - this is setEmailhh
[INFO ] 2025-08-23 17:09:04.111 [main] Log - This is the beginning of post request
[INFO ] 2025-08-23 17:09:07.592 [main] Log - This is request builder
[INFO ] 2025-08-23 17:09:07.594 [main] Log - this is setEmailhh
[INFO ] 2025-08-23 17:09:07.594 [main] Log - this is setEmailhh
[INFO ] 2025-08-23 17:09:07.601 [main] Log - This is the beginning of post request
[INFO ] 2025-08-23 17:09:11.072 [main] Log - This is request builder
[INFO ] 2025-08-23 17:09:11.072 [main] Log - this is setEmailhh
[INFO ] 2025-08-23 17:09:11.072 [main] Log - this is setEmailhh
[INFO ] 2025-08-23 17:09:11.072 [main] Log - This is the beginning of post request
[INFO ] 2025-08-23 17:09:14.554 [main] Log - This is request builder
[INFO ] 2025-08-23 17:09:14.554 [main] Log - this is setEmailhh
[INFO ] 2025-08-23 17:09:14.554 [main] Log - this is setEmailhh
[INFO ] 2025-08-23 17:09:14.563 [main] Log - This is the beginning of post request
[INFO ] 2025-08-23 17:09:18.003 [main] Log - This is request builder
[INFO ] 2025-08-23 17:09:18.003 [main] Log - this is setEmailhh
[INFO ] 2025-08-23 17:09:18.003 [main] Log - this is setEmailhh
[INFO ] 2025-08-23 17:09:18.004 [main] Log - This is the beginning of post request
[INFO ] 2025-08-23 17:09:21.520 [main] Log - This is request builder
[INFO ] 2025-08-23 17:09:21.520 [main] Log - this is setEmailhh
[INFO ] 2025-08-23 17:09:21.520 [main] Log - this is setEmailhh
[INFO ] 2025-08-23 17:09:21.520 [main] Log - This is the beginning of post request
[INFO ] 2025-08-23 17:09:25.515 [main] Log - This is request builder
[INFO ] 2025-08-23 17:09:25.515 [main] Log - this is setEmailhh
[INFO ] 2025-08-23 17:09:25.515 [main] Log - this is setEmailhh
[INFO ] 2025-08-23 17:09:25.516 [main] Log - This is the beginning of post request
[INFO ] 2025-08-23 17:09:28.987 [main] Log - This is request builder
[INFO ] 2025-08-23 17:09:28.990 [main] Log - this is setEmailhh
[INFO ] 2025-08-23 17:09:28.990 [main] Log - this is setEmailhh
[INFO ] 2025-08-23 17:09:28.994 [main] Log - This is the beginning of post request
[INFO ] 2025-08-23 17:10:33.016 [main] Log - This is request builder
[INFO ] 2025-08-23 17:10:33.031 [main] Log - this is setEmailhh
[INFO ] 2025-08-23 17:10:33.031 [main] Log - this is setEmailhh
[INFO ] 2025-08-23 17:10:33.073 [main] Log - This is the beginning of post request
[INFO ] 2025-08-23 17:10:38.904 [main] Log - This is request builder
[INFO ] 2025-08-23 17:10:38.904 [main] Log - this is setEmailhh
[INFO ] 2025-08-23 17:10:38.904 [main] Log - this is setEmailhh
[INFO ] 2025-08-23 17:10:38.907 [main] Log - This is the beginning of post request
[INFO ] 2025-08-23 17:10:42.366 [main] Log - This is request builder
[INFO ] 2025-08-23 17:10:42.371 [main] Log - this is setEmailhh
[INFO ] 2025-08-23 17:10:42.371 [main] Log - this is setEmailhh
[INFO ] 2025-08-23 17:10:42.375 [main] Log - This is the beginning of post request
[INFO ] 2025-08-23 17:10:45.930 [main] Log - This is request builder
[INFO ] 2025-08-23 17:10:45.930 [main] Log - this is setEmailhh
[INFO ] 2025-08-23 17:10:45.931 [main] Log - this is setEmailhh
[INFO ] 2025-08-23 17:10:45.933 [main] Log - This is the beginning of post request
[INFO ] 2025-08-23 17:10:49.493 [main] Log - This is request builder
[INFO ] 2025-08-23 17:10:49.493 [main] Log - this is setEmailhh
[INFO ] 2025-08-23 17:10:49.495 [main] Log - this is setEmailhh
[INFO ] 2025-08-23 17:10:49.495 [main] Log - This is the beginning of post request
[INFO ] 2025-08-23 17:10:52.973 [main] Log - This is request builder
[INFO ] 2025-08-23 17:10:52.973 [main] Log - this is setEmailhh
[INFO ] 2025-08-23 17:10:52.973 [main] Log - this is setEmailhh
[INFO ] 2025-08-23 17:10:52.973 [main] Log - This is the beginning of post request
[INFO ] 2025-08-23 17:16:48.576 [main] Log - This is request builder
[INFO ] 2025-08-23 17:16:48.576 [main] Log - this is setEmailhh
[INFO ] 2025-08-23 17:16:48.576 [main] Log - this is setEmailhh
[INFO ] 2025-08-23 17:16:48.616 [main] Log - This is the beginning of post request
[INFO ] 2025-08-23 17:16:55.444 [main] Log - This is request builder
[INFO ] 2025-08-23 17:16:55.444 [main] Log - this is setEmailhh
[INFO ] 2025-08-23 17:16:55.446 [main] Log - this is setEmailhh
[INFO ] 2025-08-23 17:16:55.448 [main] Log - This is the beginning of post request
[INFO ] 2025-08-23 17:16:59.576 [main] Log - This is request builder
[INFO ] 2025-08-23 17:16:59.576 [main] Log - this is setEmailhh
[INFO ] 2025-08-23 17:16:59.576 [main] Log - this is setEmailhh
[INFO ] 2025-08-23 17:16:59.578 [main] Log - This is the beginning of post request
[INFO ] 2025-08-23 17:17:03.560 [main] Log - This is request builder
[INFO ] 2025-08-23 17:17:03.564 [main] Log - this is setEmailhh
[INFO ] 2025-08-23 17:17:03.565 [main] Log - this is setEmailhh
[INFO ] 2025-08-23 17:17:03.568 [main] Log - This is the beginning of post request
[INFO ] 2025-08-23 17:18:30.205 [main] Log - This is request builder
[INFO ] 2025-08-23 17:18:30.213 [main] Log - this is setEmailhh
[INFO ] 2025-08-23 17:18:30.213 [main] Log - this is setEmailhh
[INFO ] 2025-08-23 17:18:30.302 [main] Log - This is the beginning of post request
[INFO ] 2025-08-23 17:18:35.099 [main] Log - This is request builder
[INFO ] 2025-08-23 17:18:35.100 [main] Log - this is setEmailhh
[INFO ] 2025-08-23 17:18:35.100 [main] Log - this is setEmailhh
[INFO ] 2025-08-23 17:18:35.101 [main] Log - This is the beginning of post request
[INFO ] 2025-08-23 17:18:38.142 [main] Log - This is request builder
[INFO ] 2025-08-23 17:18:38.143 [main] Log - this is setEmailhh
[INFO ] 2025-08-23 17:18:38.143 [main] Log - this is setEmailhh
[INFO ] 2025-08-23 17:18:38.145 [main] Log - This is the beginning of post request
[INFO ] 2025-08-23 17:18:41.174 [main] Log - This is request builder
[INFO ] 2025-08-23 17:18:41.174 [main] Log - this is setEmailhh
[INFO ] 2025-08-23 17:18:41.174 [main] Log - this is setEmailhh
[INFO ] 2025-08-23 17:18:41.176 [main] Log - This is the beginning of post request
[INFO ] 2025-08-23 17:18:44.208 [main] Log - This is request builder
[INFO ] 2025-08-23 17:18:44.208 [main] Log - this is setEmailhh
[INFO ] 2025-08-23 17:18:44.209 [main] Log - this is setEmailhh
[INFO ] 2025-08-23 17:18:44.217 [main] Log - This is the beginning of post request
[INFO ] 2025-08-23 17:18:47.257 [main] Log - This is request builder
[INFO ] 2025-08-23 17:18:47.258 [main] Log - this is setEmailhh
[INFO ] 2025-08-23 17:18:47.258 [main] Log - this is setEmailhh
[INFO ] 2025-08-23 17:18:47.264 [main] Log - This is the beginning of post request
[INFO ] 2025-08-23 17:18:50.326 [main] Log - This is request builder
[INFO ] 2025-08-23 17:18:50.327 [main] Log - this is setEmailhh
[INFO ] 2025-08-23 17:18:50.327 [main] Log - this is setEmailhh
[INFO ] 2025-08-23 17:18:50.329 [main] Log - This is the beginning of post request
[INFO ] 2025-08-23 17:19:03.784 [main] Log - This is request builder
[INFO ] 2025-08-23 17:19:03.788 [main] Log - this is setEmailhh
[INFO ] 2025-08-23 17:19:03.788 [main] Log - this is setEmailhh
[INFO ] 2025-08-23 17:19:03.831 [main] Log - This is the beginning of post request
[INFO ] 2025-08-23 17:19:04.740 [main] Log - This is request builder
[INFO ] 2025-08-23 17:19:04.741 [main] Log - this is setEmailhh
[INFO ] 2025-08-23 17:19:04.741 [main] Log - this is setEmailhh
[INFO ] 2025-08-23 17:19:04.743 [main] Log - This is the beginning of post request
[INFO ] 2025-08-23 17:20:10.275 [main] Log - This is request builder
[INFO ] 2025-08-23 17:20:10.282 [main] Log - this is setEmailhh
[INFO ] 2025-08-23 17:20:10.282 [main] Log - this is setEmailhh
[INFO ] 2025-08-23 17:20:10.335 [main] Log - This is the beginning of post request
[INFO ] 2025-08-23 17:20:14.686 [main] Log - This is request builder
[INFO ] 2025-08-23 17:20:14.687 [main] Log - this is setEmailhh
[INFO ] 2025-08-23 17:20:14.687 [main] Log - this is setEmailhh
[INFO ] 2025-08-23 17:20:14.690 [main] Log - This is the beginning of post request
[INFO ] 2025-08-23 17:20:17.751 [main] Log - This is request builder
[INFO ] 2025-08-23 17:20:17.751 [main] Log - this is setEmailhh
[INFO ] 2025-08-23 17:20:17.752 [main] Log - this is setEmailhh
[INFO ] 2025-08-23 17:20:17.754 [main] Log - This is the beginning of post request
[INFO ] 2025-08-23 17:20:20.806 [main] Log - This is request builder
[INFO ] 2025-08-23 17:20:20.806 [main] Log - this is setEmailhh
[INFO ] 2025-08-23 17:20:20.806 [main] Log - this is setEmailhh
[INFO ] 2025-08-23 17:20:20.808 [main] Log - This is the beginning of post request
[INFO ] 2025-08-23 17:20:23.834 [main] Log - This is request builder
[INFO ] 2025-08-23 17:20:23.834 [main] Log - this is setEmailhh
[INFO ] 2025-08-23 17:20:23.834 [main] Log - this is setEmailhh
[INFO ] 2025-08-23 17:20:23.837 [main] Log - This is the beginning of post request
[INFO ] 2025-08-23 17:20:26.883 [main] Log - This is request builder
[INFO ] 2025-08-23 17:20:26.883 [main] Log - this is setEmailhh
[INFO ] 2025-08-23 17:20:26.883 [main] Log - this is setEmailhh
[INFO ] 2025-08-23 17:20:26.885 [main] Log - This is the beginning of post request
[INFO ] 2025-08-23 17:20:29.920 [main] Log - This is request builder
[INFO ] 2025-08-23 17:20:29.920 [main] Log - this is setEmailhh
[INFO ] 2025-08-23 17:20:29.920 [main] Log - this is setEmailhh
[INFO ] 2025-08-23 17:20:29.927 [main] Log - This is the beginning of post request
[INFO ] 2025-08-23 17:20:32.961 [main] Log - This is request builder
[INFO ] 2025-08-23 17:20:32.961 [main] Log - this is setEmailhh
[INFO ] 2025-08-23 17:20:32.961 [main] Log - this is setEmailhh
[INFO ] 2025-08-23 17:20:32.964 [main] Log - This is the beginning of post request
[INFO ] 2025-08-23 17:20:36.001 [main] Log - This is request builder
[INFO ] 2025-08-23 17:20:36.007 [main] Log - this is setEmailhh
[INFO ] 2025-08-23 17:20:36.007 [main] Log - this is setEmailhh
[INFO ] 2025-08-23 17:20:36.010 [main] Log - This is the beginning of post request
[INFO ] 2025-08-23 17:20:39.040 [main] Log - This is request builder
[INFO ] 2025-08-23 17:20:39.041 [main] Log - this is setEmailhh
[INFO ] 2025-08-23 17:20:39.041 [main] Log - this is setEmailhh
[INFO ] 2025-08-23 17:20:39.044 [main] Log - This is the beginning of post request
[INFO ] 2025-08-23 17:20:42.095 [main] Log - This is request builder
[INFO ] 2025-08-23 17:20:42.095 [main] Log - this is setEmailhh
[INFO ] 2025-08-23 17:20:42.095 [main] Log - this is setEmailhh
[INFO ] 2025-08-23 17:20:42.096 [main] Log - This is the beginning of post request
[INFO ] 2025-08-23 17:20:45.146 [main] Log - This is request builder
[INFO ] 2025-08-23 17:20:45.147 [main] Log - this is setEmailhh
[INFO ] 2025-08-23 17:20:45.147 [main] Log - this is setEmailhh
[INFO ] 2025-08-23 17:20:45.148 [main] Log - This is the beginning of post request
[INFO ] 2025-08-23 17:20:48.192 [main] Log - This is request builder
[INFO ] 2025-08-23 17:20:48.192 [main] Log - this is setEmailhh
[INFO ] 2025-08-23 17:20:48.192 [main] Log - this is setEmailhh
[INFO ] 2025-08-23 17:20:48.194 [main] Log - This is the beginning of post request
[INFO ] 2025-08-23 17:20:51.234 [main] Log - This is request builder
[INFO ] 2025-08-23 17:20:51.235 [main] Log - this is setEmailhh
[INFO ] 2025-08-23 17:20:51.235 [main] Log - this is setEmailhh
[INFO ] 2025-08-23 17:20:51.236 [main] Log - This is the beginning of post request
[INFO ] 2025-08-23 17:20:54.277 [main] Log - This is request builder
[INFO ] 2025-08-23 17:20:54.277 [main] Log - this is setEmailhh
[INFO ] 2025-08-23 17:20:54.277 [main] Log - this is setEmailhh
[INFO ] 2025-08-23 17:20:54.278 [main] Log - This is the beginning of post request
[INFO ] 2025-08-23 17:20:57.311 [main] Log - This is request builder
[INFO ] 2025-08-23 17:20:57.311 [main] Log - this is setEmailhh
[INFO ] 2025-08-23 17:20:57.311 [main] Log - this is setEmailhh
[INFO ] 2025-08-23 17:20:57.317 [main] Log - This is the beginning of post request
[INFO ] 2025-08-23 17:21:00.347 [main] Log - This is request builder
[INFO ] 2025-08-23 17:21:00.348 [main] Log - this is setEmailhh
[INFO ] 2025-08-23 17:21:00.348 [main] Log - this is setEmailhh
[INFO ] 2025-08-23 17:21:00.349 [main] Log - This is the beginning of post request
[INFO ] 2025-08-23 17:21:03.395 [main] Log - This is request builder
[INFO ] 2025-08-23 17:21:03.395 [main] Log - this is setEmailhh
[INFO ] 2025-08-23 17:21:03.395 [main] Log - this is setEmailhh
[INFO ] 2025-08-23 17:21:03.396 [main] Log - This is the beginning of post request
[INFO ] 2025-08-23 17:21:06.440 [main] Log - This is request builder
[INFO ] 2025-08-23 17:21:06.440 [main] Log - this is setEmailhh
[INFO ] 2025-08-23 17:21:06.440 [main] Log - this is setEmailhh
[INFO ] 2025-08-23 17:21:06.454 [main] Log - This is the beginning of post request
[INFO ] 2025-08-23 17:21:09.508 [main] Log - This is request builder
[INFO ] 2025-08-23 17:21:09.508 [main] Log - this is setEmailhh
[INFO ] 2025-08-23 17:21:09.508 [main] Log - this is setEmailhh
[INFO ] 2025-08-23 17:21:09.511 [main] Log - This is the beginning of post request
[INFO ] 2025-08-23 17:21:12.559 [main] Log - This is request builder
[INFO ] 2025-08-23 17:21:12.561 [main] Log - this is setEmailhh
[INFO ] 2025-08-23 17:21:12.563 [main] Log - this is setEmailhh
[INFO ] 2025-08-23 17:21:12.563 [main] Log - This is the beginning of post request
[INFO ] 2025-08-23 17:21:15.624 [main] Log - This is request builder
[INFO ] 2025-08-23 17:21:15.624 [main] Log - this is setEmailhh
[INFO ] 2025-08-23 17:21:15.624 [main] Log - this is setEmailhh
[INFO ] 2025-08-23 17:21:15.631 [main] Log - This is the beginning of post request
[INFO ] 2025-08-23 17:21:18.691 [main] Log - This is request builder
[INFO ] 2025-08-23 17:21:18.691 [main] Log - this is setEmailhh
[INFO ] 2025-08-23 17:21:18.691 [main] Log - this is setEmailhh
[INFO ] 2025-08-23 17:21:18.693 [main] Log - This is the beginning of post request
[INFO ] 2025-08-23 17:21:21.779 [main] Log - This is request builder
[INFO ] 2025-08-23 17:21:21.779 [main] Log - this is setEmailhh
[INFO ] 2025-08-23 17:21:21.779 [main] Log - this is setEmailhh
[INFO ] 2025-08-23 17:21:21.785 [main] Log - This is the beginning of post request
[INFO ] 2025-08-23 17:21:24.852 [main] Log - This is request builder
[INFO ] 2025-08-23 17:21:24.852 [main] Log - this is setEmailhh
[INFO ] 2025-08-23 17:21:24.852 [main] Log - this is setEmailhh
[INFO ] 2025-08-23 17:21:24.852 [main] Log - This is the beginning of post request
[INFO ] 2025-08-23 17:21:27.902 [main] Log - This is request builder
[INFO ] 2025-08-23 17:21:27.902 [main] Log - this is setEmailhh
[INFO ] 2025-08-23 17:21:27.904 [main] Log - this is setEmailhh
[INFO ] 2025-08-23 17:21:27.904 [main] Log - This is the beginning of post request
[INFO ] 2025-08-23 17:21:30.968 [main] Log - This is request builder
[INFO ] 2025-08-23 17:21:30.969 [main] Log - this is setEmailhh
[INFO ] 2025-08-23 17:21:30.970 [main] Log - this is setEmailhh
[INFO ] 2025-08-23 17:21:30.970 [main] Log - This is the beginning of post request
[INFO ] 2025-08-23 17:21:34.001 [main] Log - This is request builder
[INFO ] 2025-08-23 17:21:34.001 [main] Log - this is setEmailhh
[INFO ] 2025-08-23 17:21:34.001 [main] Log - this is setEmailhh
[INFO ] 2025-08-23 17:21:34.003 [main] Log - This is the beginning of post request
[INFO ] 2025-08-23 17:21:37.035 [main] Log - This is request builder
[INFO ] 2025-08-23 17:21:37.035 [main] Log - this is setEmailhh
[INFO ] 2025-08-23 17:21:37.035 [main] Log - this is setEmailhh
[INFO ] 2025-08-23 17:21:37.038 [main] Log - This is the beginning of post request
[INFO ] 2025-08-23 17:21:40.081 [main] Log - This is request builder
[INFO ] 2025-08-23 17:21:40.081 [main] Log - this is setEmailhh
[INFO ] 2025-08-23 17:21:40.081 [main] Log - this is setEmailhh
[INFO ] 2025-08-23 17:21:40.087 [main] Log - This is the beginning of post request
[INFO ] 2025-08-23 17:21:43.115 [main] Log - This is request builder
[INFO ] 2025-08-23 17:21:43.117 [main] Log - this is setEmailhh
[INFO ] 2025-08-23 17:21:43.117 [main] Log - this is setEmailhh
[INFO ] 2025-08-23 17:21:43.120 [main] Log - This is the beginning of post request
[INFO ] 2025-08-23 17:21:46.162 [main] Log - This is request builder
[INFO ] 2025-08-23 17:21:46.162 [main] Log - this is setEmailhh
[INFO ] 2025-08-23 17:21:46.162 [main] Log - this is setEmailhh
[INFO ] 2025-08-23 17:21:46.164 [main] Log - This is the beginning of post request
[INFO ] 2025-08-23 17:21:49.221 [main] Log - This is request builder
[INFO ] 2025-08-23 17:21:49.223 [main] Log - this is setEmailhh
[INFO ] 2025-08-23 17:21:49.223 [main] Log - this is setEmailhh
[INFO ] 2025-08-23 17:21:49.223 [main] Log - This is the beginning of post request
[INFO ] 2025-08-23 17:21:52.264 [main] Log - This is request builder
[INFO ] 2025-08-23 17:21:52.270 [main] Log - this is setEmailhh
[INFO ] 2025-08-23 17:21:52.270 [main] Log - this is setEmailhh
[INFO ] 2025-08-23 17:21:52.270 [main] Log - This is the beginning of post request
[INFO ] 2025-08-23 17:21:55.313 [main] Log - This is request builder
[INFO ] 2025-08-23 17:21:55.313 [main] Log - this is setEmailhh
[INFO ] 2025-08-23 17:21:55.313 [main] Log - this is setEmailhh
[INFO ] 2025-08-23 17:21:55.315 [main] Log - This is the beginning of post request
[INFO ] 2025-08-23 17:21:58.356 [main] Log - This is request builder
[INFO ] 2025-08-23 17:21:58.357 [main] Log - this is setEmailhh
[INFO ] 2025-08-23 17:21:58.357 [main] Log - this is setEmailhh
[INFO ] 2025-08-23 17:21:58.357 [main] Log - This is the beginning of post request
[INFO ] 2025-08-23 17:22:01.402 [main] Log - This is request builder
[INFO ] 2025-08-23 17:22:01.402 [main] Log - this is setEmailhh
[INFO ] 2025-08-23 17:22:01.402 [main] Log - this is setEmailhh
[INFO ] 2025-08-23 17:22:01.406 [main] Log - This is the beginning of post request
[INFO ] 2025-08-23 17:22:04.459 [main] Log - This is request builder
[INFO ] 2025-08-23 17:22:04.459 [main] Log - this is setEmailhh
[INFO ] 2025-08-23 17:22:04.459 [main] Log - this is setEmailhh
[INFO ] 2025-08-23 17:22:04.461 [main] Log - This is the beginning of post request
[INFO ] 2025-08-23 17:22:07.493 [main] Log - This is request builder
[INFO ] 2025-08-23 17:22:07.493 [main] Log - this is setEmailhh
[INFO ] 2025-08-23 17:22:07.493 [main] Log - this is setEmailhh
[INFO ] 2025-08-23 17:22:07.495 [main] Log - This is the beginning of post request
[INFO ] 2025-08-23 17:22:10.530 [main] Log - This is request builder
[INFO ] 2025-08-23 17:22:10.530 [main] Log - this is setEmailhh
[INFO ] 2025-08-23 17:22:10.530 [main] Log - this is setEmailhh
[INFO ] 2025-08-23 17:22:10.532 [main] Log - This is the beginning of post request
[INFO ] 2025-08-23 17:22:13.569 [main] Log - This is request builder
[INFO ] 2025-08-23 17:22:13.569 [main] Log - this is setEmailhh
[INFO ] 2025-08-23 17:22:13.569 [main] Log - this is setEmailhh
[INFO ] 2025-08-23 17:22:13.571 [main] Log - This is the beginning of post request
[INFO ] 2025-08-23 17:22:16.600 [main] Log - This is request builder
[INFO ] 2025-08-23 17:22:16.602 [main] Log - this is setEmailhh
[INFO ] 2025-08-23 17:22:16.602 [main] Log - this is setEmailhh
[INFO ] 2025-08-23 17:22:16.604 [main] Log - This is the beginning of post request
[INFO ] 2025-08-23 17:22:19.658 [main] Log - This is request builder
[INFO ] 2025-08-23 17:22:19.658 [main] Log - this is setEmailhh
[INFO ] 2025-08-23 17:22:19.658 [main] Log - this is setEmailhh
[INFO ] 2025-08-23 17:22:19.658 [main] Log - This is the beginning of post request
[INFO ] 2025-08-23 17:22:22.696 [main] Log - This is request builder
[INFO ] 2025-08-23 17:22:22.696 [main] Log - this is setEmailhh
[INFO ] 2025-08-23 17:22:22.696 [main] Log - this is setEmailhh
[INFO ] 2025-08-23 17:22:22.696 [main] Log - This is the beginning of post request
[INFO ] 2025-08-23 17:22:25.727 [main] Log - This is request builder
[INFO ] 2025-08-23 17:22:25.727 [main] Log - this is setEmailhh
[INFO ] 2025-08-23 17:22:25.727 [main] Log - this is setEmailhh
[INFO ] 2025-08-23 17:22:25.727 [main] Log - This is the beginning of post request
[INFO ] 2025-08-23 17:22:28.751 [main] Log - This is request builder
[INFO ] 2025-08-23 17:22:28.751 [main] Log - this is setEmailhh
[INFO ] 2025-08-23 17:22:28.751 [main] Log - this is setEmailhh
[INFO ] 2025-08-23 17:22:28.752 [main] Log - This is the beginning of post request
[INFO ] 2025-08-23 17:22:31.774 [main] Log - This is request builder
[INFO ] 2025-08-23 17:22:31.774 [main] Log - this is setEmailhh
[INFO ] 2025-08-23 17:22:31.774 [main] Log - this is setEmailhh
[INFO ] 2025-08-23 17:22:31.775 [main] Log - This is the beginning of post request
[INFO ] 2025-08-23 17:22:34.784 [main] Log - This is request builder
[INFO ] 2025-08-23 17:22:34.784 [main] Log - this is setEmailhh
[INFO ] 2025-08-23 17:22:34.784 [main] Log - this is setEmailhh
[INFO ] 2025-08-23 17:22:34.785 [main] Log - This is the beginning of post request
[INFO ] 2025-08-23 17:22:37.823 [main] Log - This is request builder
[INFO ] 2025-08-23 17:22:37.823 [main] Log - this is setEmailhh
[INFO ] 2025-08-23 17:22:37.823 [main] Log - this is setEmailhh
[INFO ] 2025-08-23 17:22:37.825 [main] Log - This is the beginning of post request
[INFO ] 2025-08-23 17:22:40.841 [main] Log - This is request builder
[INFO ] 2025-08-23 17:22:40.842 [main] Log - this is setEmailhh
[INFO ] 2025-08-23 17:22:40.842 [main] Log - this is setEmailhh
[INFO ] 2025-08-23 17:22:40.843 [main] Log - This is the beginning of post request
[INFO ] 2025-08-23 17:22:43.860 [main] Log - This is request builder
[INFO ] 2025-08-23 17:22:43.860 [main] Log - this is setEmailhh
[INFO ] 2025-08-23 17:22:43.860 [main] Log - this is setEmailhh
[INFO ] 2025-08-23 17:22:43.861 [main] Log - This is the beginning of post request
[INFO ] 2025-08-23 17:22:46.886 [main] Log - This is request builder
[INFO ] 2025-08-23 17:22:46.886 [main] Log - this is setEmailhh
[INFO ] 2025-08-23 17:22:46.887 [main] Log - this is setEmailhh
[INFO ] 2025-08-23 17:22:46.888 [main] Log - This is the beginning of post request
[INFO ] 2025-08-23 17:22:49.907 [main] Log - This is request builder
[INFO ] 2025-08-23 17:22:49.907 [main] Log - this is setEmailhh
[INFO ] 2025-08-23 17:22:49.907 [main] Log - this is setEmailhh
[INFO ] 2025-08-23 17:22:49.908 [main] Log - This is the beginning of post request
[INFO ] 2025-08-23 17:22:52.921 [main] Log - This is request builder
[INFO ] 2025-08-23 17:22:52.921 [main] Log - this is setEmailhh
[INFO ] 2025-08-23 17:22:52.921 [main] Log - this is setEmailhh
[INFO ] 2025-08-23 17:22:52.922 [main] Log - This is the beginning of post request
[INFO ] 2025-08-23 17:22:55.934 [main] Log - This is request builder
[INFO ] 2025-08-23 17:22:55.934 [main] Log - this is setEmailhh
[INFO ] 2025-08-23 17:22:55.934 [main] Log - this is setEmailhh
[INFO ] 2025-08-23 17:22:55.935 [main] Log - This is the beginning of post request
[INFO ] 2025-08-23 17:22:58.946 [main] Log - This is request builder
[INFO ] 2025-08-23 17:22:58.946 [main] Log - this is setEmailhh
[INFO ] 2025-08-23 17:22:58.947 [main] Log - this is setEmailhh
[INFO ] 2025-08-23 17:22:58.947 [main] Log - This is the beginning of post request
[INFO ] 2025-08-23 17:23:01.960 [main] Log - This is request builder
[INFO ] 2025-08-23 17:23:01.960 [main] Log - this is setEmailhh
[INFO ] 2025-08-23 17:23:01.960 [main] Log - this is setEmailhh
[INFO ] 2025-08-23 17:23:01.961 [main] Log - This is the beginning of post request
[INFO ] 2025-08-23 17:23:04.973 [main] Log - This is request builder
[INFO ] 2025-08-23 17:23:04.973 [main] Log - this is setEmailhh
[INFO ] 2025-08-23 17:23:04.973 [main] Log - this is setEmailhh
[INFO ] 2025-08-23 17:23:04.975 [main] Log - This is the beginning of post request
[INFO ] 2025-08-23 17:23:07.987 [main] Log - This is request builder
[INFO ] 2025-08-23 17:23:07.987 [main] Log - this is setEmailhh
[INFO ] 2025-08-23 17:23:07.987 [main] Log - this is setEmailhh
[INFO ] 2025-08-23 17:23:07.988 [main] Log - This is the beginning of post request
[INFO ] 2025-08-23 17:23:10.999 [main] Log - This is request builder
[INFO ] 2025-08-23 17:23:10.999 [main] Log - this is setEmailhh
[INFO ] 2025-08-23 17:23:10.999 [main] Log - this is setEmailhh
[INFO ] 2025-08-23 17:23:10.999 [main] Log - This is the beginning of post request
[INFO ] 2025-08-23 17:23:14.015 [main] Log - This is request builder
[INFO ] 2025-08-23 17:23:14.015 [main] Log - this is setEmailhh
[INFO ] 2025-08-23 17:23:14.015 [main] Log - this is setEmailhh
[INFO ] 2025-08-23 17:23:14.016 [main] Log - This is the beginning of post request
[INFO ] 2025-08-23 17:23:17.032 [main] Log - This is request builder
[INFO ] 2025-08-23 17:23:17.032 [main] Log - this is setEmailhh
[INFO ] 2025-08-23 17:23:17.032 [main] Log - this is setEmailhh
[INFO ] 2025-08-23 17:23:17.032 [main] Log - This is the beginning of post request
[INFO ] 2025-08-23 17:23:20.051 [main] Log - This is request builder
[INFO ] 2025-08-23 17:23:20.051 [main] Log - this is setEmailhh
[INFO ] 2025-08-23 17:23:20.051 [main] Log - this is setEmailhh
[INFO ] 2025-08-23 17:23:20.053 [main] Log - This is the beginning of post request
[INFO ] 2025-08-23 17:23:23.069 [main] Log - This is request builder
[INFO ] 2025-08-23 17:23:23.069 [main] Log - this is setEmailhh
[INFO ] 2025-08-23 17:23:23.069 [main] Log - this is setEmailhh
[INFO ] 2025-08-23 17:23:23.071 [main] Log - This is the beginning of post request
[INFO ] 2025-08-23 17:23:26.088 [main] Log - This is request builder
[INFO ] 2025-08-23 17:23:26.088 [main] Log - this is setEmailhh
[INFO ] 2025-08-23 17:23:26.088 [main] Log - this is setEmailhh
[INFO ] 2025-08-23 17:23:26.089 [main] Log - This is the beginning of post request
[INFO ] 2025-08-23 17:23:29.111 [main] Log - This is request builder
[INFO ] 2025-08-23 17:23:29.111 [main] Log - this is setEmailhh
[INFO ] 2025-08-23 17:23:29.111 [main] Log - this is setEmailhh
[INFO ] 2025-08-23 17:23:29.113 [main] Log - This is the beginning of post request
[INFO ] 2025-08-23 17:23:32.121 [main] Log - This is request builder
[INFO ] 2025-08-23 17:23:32.121 [main] Log - this is setEmailhh
[INFO ] 2025-08-23 17:23:32.121 [main] Log - this is setEmailhh
[INFO ] 2025-08-23 17:23:32.123 [main] Log - This is the beginning of post request
[INFO ] 2025-08-23 17:23:35.139 [main] Log - This is request builder
[INFO ] 2025-08-23 17:23:35.139 [main] Log - this is setEmailhh
[INFO ] 2025-08-23 17:23:35.139 [main] Log - this is setEmailhh
[INFO ] 2025-08-23 17:23:35.140 [main] Log - This is the beginning of post request
[INFO ] 2025-08-23 17:23:38.152 [main] Log - This is request builder
[INFO ] 2025-08-23 17:23:38.152 [main] Log - this is setEmailhh
[INFO ] 2025-08-23 17:23:38.152 [main] Log - this is setEmailhh
[INFO ] 2025-08-23 17:23:38.154 [main] Log - This is the beginning of post request
[INFO ] 2025-08-23 17:23:41.177 [main] Log - This is request builder
[INFO ] 2025-08-23 17:23:41.177 [main] Log - this is setEmailhh
[INFO ] 2025-08-23 17:23:41.177 [main] Log - this is setEmailhh
[INFO ] 2025-08-23 17:23:41.179 [main] Log - This is the beginning of post request
[INFO ] 2025-08-23 17:23:44.197 [main] Log - This is request builder
[INFO ] 2025-08-23 17:23:44.198 [main] Log - this is setEmailhh
[INFO ] 2025-08-23 17:23:44.198 [main] Log - this is setEmailhh
[INFO ] 2025-08-23 17:23:44.200 [main] Log - This is the beginning of post request
[INFO ] 2025-08-23 17:23:47.218 [main] Log - This is request builder
[INFO ] 2025-08-23 17:23:47.218 [main] Log - this is setEmailhh
[INFO ] 2025-08-23 17:23:47.218 [main] Log - this is setEmailhh
[INFO ] 2025-08-23 17:23:47.219 [main] Log - This is the beginning of post request
[INFO ] 2025-08-23 17:23:50.230 [main] Log - This is request builder
[INFO ] 2025-08-23 17:23:50.230 [main] Log - this is setEmailhh
[INFO ] 2025-08-23 17:23:50.230 [main] Log - this is setEmailhh
[INFO ] 2025-08-23 17:23:50.231 [main] Log - This is the beginning of post request
[INFO ] 2025-08-23 17:23:53.244 [main] Log - This is request builder
[INFO ] 2025-08-23 17:23:53.244 [main] Log - this is setEmailhh
[INFO ] 2025-08-23 17:23:53.244 [main] Log - this is setEmailhh
[INFO ] 2025-08-23 17:23:53.245 [main] Log - This is the beginning of post request
[INFO ] 2025-08-23 17:23:56.261 [main] Log - This is request builder
[INFO ] 2025-08-23 17:23:56.261 [main] Log - this is setEmailhh
[INFO ] 2025-08-23 17:23:56.261 [main] Log - this is setEmailhh
[INFO ] 2025-08-23 17:23:56.263 [main] Log - This is the beginning of post request
[INFO ] 2025-08-23 17:23:59.276 [main] Log - This is request builder
[INFO ] 2025-08-23 17:23:59.276 [main] Log - this is setEmailhh
[INFO ] 2025-08-23 17:23:59.276 [main] Log - this is setEmailhh
[INFO ] 2025-08-23 17:23:59.277 [main] Log - This is the beginning of post request
[INFO ] 2025-08-23 17:24:02.299 [main] Log - This is request builder
[INFO ] 2025-08-23 17:24:02.299 [main] Log - this is setEmailhh
[INFO ] 2025-08-23 17:24:02.299 [main] Log - this is setEmailhh
[INFO ] 2025-08-23 17:24:02.299 [main] Log - This is the beginning of post request
[INFO ] 2025-08-23 17:24:05.307 [main] Log - This is request builder
[INFO ] 2025-08-23 17:24:05.307 [main] Log - this is setEmailhh
[INFO ] 2025-08-23 17:24:05.307 [main] Log - this is setEmailhh
[INFO ] 2025-08-23 17:24:05.309 [main] Log - This is the beginning of post request
[INFO ] 2025-08-23 17:24:08.329 [main] Log - This is request builder
[INFO ] 2025-08-23 17:24:08.329 [main] Log - this is setEmailhh
[INFO ] 2025-08-23 17:24:08.329 [main] Log - this is setEmailhh
[INFO ] 2025-08-23 17:24:08.330 [main] Log - This is the beginning of post request
[INFO ] 2025-08-23 17:24:11.342 [main] Log - This is request builder
[INFO ] 2025-08-23 17:24:11.342 [main] Log - this is setEmailhh
[INFO ] 2025-08-23 17:24:11.342 [main] Log - this is setEmailhh
[INFO ] 2025-08-23 17:24:11.343 [main] Log - This is the beginning of post request
[INFO ] 2025-08-23 17:24:14.360 [main] Log - This is request builder
[INFO ] 2025-08-23 17:24:14.360 [main] Log - this is setEmailhh
[INFO ] 2025-08-23 17:24:14.360 [main] Log - this is setEmailhh
[INFO ] 2025-08-23 17:24:14.362 [main] Log - This is the beginning of post request
[INFO ] 2025-08-23 17:24:17.377 [main] Log - This is request builder
[INFO ] 2025-08-23 17:24:17.377 [main] Log - this is setEmailhh
[INFO ] 2025-08-23 17:24:17.377 [main] Log - this is setEmailhh
[INFO ] 2025-08-23 17:24:17.379 [main] Log - This is the beginning of post request
[INFO ] 2025-08-23 17:24:20.395 [main] Log - This is request builder
[INFO ] 2025-08-23 17:24:20.395 [main] Log - this is setEmailhh
[INFO ] 2025-08-23 17:24:20.395 [main] Log - this is setEmailhh
[INFO ] 2025-08-23 17:24:20.397 [main] Log - This is the beginning of post request
[INFO ] 2025-08-23 17:24:23.410 [main] Log - This is request builder
[INFO ] 2025-08-23 17:24:23.411 [main] Log - this is setEmailhh
[INFO ] 2025-08-23 17:24:23.411 [main] Log - this is setEmailhh
[INFO ] 2025-08-23 17:24:23.412 [main] Log - This is the beginning of post request
[INFO ] 2025-08-23 17:24:26.428 [main] Log - This is request builder
[INFO ] 2025-08-23 17:24:26.428 [main] Log - this is setEmailhh
[INFO ] 2025-08-23 17:24:26.428 [main] Log - this is setEmailhh
[INFO ] 2025-08-23 17:24:26.428 [main] Log - This is the beginning of post request
[INFO ] 2025-08-23 17:24:29.436 [main] Log - This is request builder
[INFO ] 2025-08-23 17:24:29.436 [main] Log - this is setEmailhh
[INFO ] 2025-08-23 17:24:29.436 [main] Log - this is setEmailhh
[INFO ] 2025-08-23 17:24:29.437 [main] Log - This is the beginning of post request
[INFO ] 2025-08-23 17:24:32.451 [main] Log - This is request builder
[INFO ] 2025-08-23 17:24:32.451 [main] Log - this is setEmailhh
[INFO ] 2025-08-23 17:24:32.451 [main] Log - this is setEmailhh
[INFO ] 2025-08-23 17:24:32.452 [main] Log - This is the beginning of post request
[INFO ] 2025-08-23 17:24:35.470 [main] Log - This is request builder
[INFO ] 2025-08-23 17:24:35.470 [main] Log - this is setEmailhh
[INFO ] 2025-08-23 17:24:35.470 [main] Log - this is setEmailhh
[INFO ] 2025-08-23 17:24:35.471 [main] Log - This is the beginning of post request
[INFO ] 2025-08-23 17:24:38.495 [main] Log - This is request builder
[INFO ] 2025-08-23 17:24:38.495 [main] Log - this is setEmailhh
[INFO ] 2025-08-23 17:24:38.496 [main] Log - this is setEmailhh
[INFO ] 2025-08-23 17:24:38.497 [main] Log - This is the beginning of post request
[INFO ] 2025-08-23 17:24:41.509 [main] Log - This is request builder
[INFO ] 2025-08-23 17:24:41.509 [main] Log - this is setEmailhh
[INFO ] 2025-08-23 17:24:41.509 [main] Log - this is setEmailhh
[INFO ] 2025-08-23 17:24:41.510 [main] Log - This is the beginning of post request
[INFO ] 2025-08-23 17:24:44.524 [main] Log - This is request builder
[INFO ] 2025-08-23 17:24:44.524 [main] Log - this is setEmailhh
[INFO ] 2025-08-23 17:24:44.524 [main] Log - this is setEmailhh
[INFO ] 2025-08-23 17:24:44.525 [main] Log - This is the beginning of post request
[INFO ] 2025-08-23 17:24:47.534 [main] Log - This is request builder
[INFO ] 2025-08-23 17:24:47.534 [main] Log - this is setEmailhh
[INFO ] 2025-08-23 17:24:47.534 [main] Log - this is setEmailhh
[INFO ] 2025-08-23 17:24:47.535 [main] Log - This is the beginning of post request
[INFO ] 2025-08-23 17:24:50.549 [main] Log - This is request builder
[INFO ] 2025-08-23 17:24:50.550 [main] Log - this is setEmailhh
[INFO ] 2025-08-23 17:24:50.550 [main] Log - this is setEmailhh
[INFO ] 2025-08-23 17:24:50.551 [main] Log - This is the beginning of post request
[INFO ] 2025-08-23 17:24:53.565 [main] Log - This is request builder
[INFO ] 2025-08-23 17:24:53.565 [main] Log - this is setEmailhh
[INFO ] 2025-08-23 17:24:53.566 [main] Log - this is setEmailhh
[INFO ] 2025-08-23 17:24:53.566 [main] Log - This is the beginning of post request
[INFO ] 2025-08-23 17:24:56.586 [main] Log - This is request builder
[INFO ] 2025-08-23 17:24:56.586 [main] Log - this is setEmailhh
[INFO ] 2025-08-23 17:24:56.586 [main] Log - this is setEmailhh
[INFO ] 2025-08-23 17:24:56.587 [main] Log - This is the beginning of post request
[INFO ] 2025-08-23 17:24:59.608 [main] Log - This is request builder
[INFO ] 2025-08-23 17:24:59.608 [main] Log - this is setEmailhh
[INFO ] 2025-08-23 17:24:59.608 [main] Log - this is setEmailhh
[INFO ] 2025-08-23 17:24:59.608 [main] Log - This is the beginning of post request
[INFO ] 2025-08-23 17:25:02.627 [main] Log - This is request builder
[INFO ] 2025-08-23 17:25:02.627 [main] Log - this is setEmailhh
[INFO ] 2025-08-23 17:25:02.627 [main] Log - this is setEmailhh
[INFO ] 2025-08-23 17:25:02.628 [main] Log - This is the beginning of post request
[INFO ] 2025-08-23 17:25:05.639 [main] Log - This is request builder
[INFO ] 2025-08-23 17:25:05.639 [main] Log - this is setEmailhh
[INFO ] 2025-08-23 17:25:05.639 [main] Log - this is setEmailhh
[INFO ] 2025-08-23 17:25:05.639 [main] Log - This is the beginning of post request
[INFO ] 2025-08-23 17:25:08.658 [main] Log - This is request builder
[INFO ] 2025-08-23 17:25:08.659 [main] Log - this is setEmailhh
[INFO ] 2025-08-23 17:25:08.659 [main] Log - this is setEmailhh
[INFO ] 2025-08-23 17:25:08.660 [main] Log - This is the beginning of post request
[INFO ] 2025-08-23 17:25:11.674 [main] Log - This is request builder
[INFO ] 2025-08-23 17:25:11.674 [main] Log - this is setEmailhh
[INFO ] 2025-08-23 17:25:11.674 [main] Log - this is setEmailhh
[INFO ] 2025-08-23 17:25:11.675 [main] Log - This is the beginning of post request
[INFO ] 2025-08-23 17:25:14.727 [main] Log - This is request builder
[INFO ] 2025-08-23 17:25:14.727 [main] Log - this is setEmailhh
[INFO ] 2025-08-23 17:25:14.727 [main] Log - this is setEmailhh
[INFO ] 2025-08-23 17:25:14.727 [main] Log - This is the beginning of post request
[INFO ] 2025-08-23 17:25:17.744 [main] Log - This is request builder
[INFO ] 2025-08-23 17:25:17.744 [main] Log - this is setEmailhh
[INFO ] 2025-08-23 17:25:17.744 [main] Log - this is setEmailhh
[INFO ] 2025-08-23 17:25:17.745 [main] Log - This is the beginning of post request
[INFO ] 2025-08-23 17:25:20.763 [main] Log - This is request builder
[INFO ] 2025-08-23 17:25:20.763 [main] Log - this is setEmailhh
[INFO ] 2025-08-23 17:25:20.763 [main] Log - this is setEmailhh
[INFO ] 2025-08-23 17:25:20.764 [main] Log - This is the beginning of post request
[INFO ] 2025-08-23 17:25:23.784 [main] Log - This is request builder
[INFO ] 2025-08-23 17:25:23.784 [main] Log - this is setEmailhh
[INFO ] 2025-08-23 17:25:23.784 [main] Log - this is setEmailhh
[INFO ] 2025-08-23 17:25:23.784 [main] Log - This is the beginning of post request
[INFO ] 2025-08-23 17:25:26.793 [main] Log - This is request builder
[INFO ] 2025-08-23 17:25:26.793 [main] Log - this is setEmailhh
[INFO ] 2025-08-23 17:25:26.793 [main] Log - this is setEmailhh
[INFO ] 2025-08-23 17:25:26.794 [main] Log - This is the beginning of post request
[INFO ] 2025-08-23 17:25:29.810 [main] Log - This is request builder
[INFO ] 2025-08-23 17:25:29.810 [main] Log - this is setEmailhh
[INFO ] 2025-08-23 17:25:29.810 [main] Log - this is setEmailhh
[INFO ] 2025-08-23 17:25:29.812 [main] Log - This is the beginning of post request
[INFO ] 2025-08-23 17:25:32.829 [main] Log - This is request builder
[INFO ] 2025-08-23 17:25:32.829 [main] Log - this is setEmailhh
[INFO ] 2025-08-23 17:25:32.829 [main] Log - this is setEmailhh
[INFO ] 2025-08-23 17:25:32.830 [main] Log - This is the beginning of post request
[INFO ] 2025-08-23 17:25:35.845 [main] Log - This is request builder
[INFO ] 2025-08-23 17:25:35.846 [main] Log - this is setEmailhh
[INFO ] 2025-08-23 17:25:35.846 [main] Log - this is setEmailhh
[INFO ] 2025-08-23 17:25:35.847 [main] Log - This is the beginning of post request
[INFO ] 2025-08-23 17:25:38.866 [main] Log - This is request builder
[INFO ] 2025-08-23 17:25:38.866 [main] Log - this is setEmailhh
[INFO ] 2025-08-23 17:25:38.866 [main] Log - this is setEmailhh
[INFO ] 2025-08-23 17:25:38.868 [main] Log - This is the beginning of post request
[INFO ] 2025-08-23 17:25:41.880 [main] Log - This is request builder
[INFO ] 2025-08-23 17:25:41.880 [main] Log - this is setEmailhh
[INFO ] 2025-08-23 17:25:41.880 [main] Log - this is setEmailhh
[INFO ] 2025-08-23 17:25:41.881 [main] Log - This is the beginning of post request
[INFO ] 2025-08-23 17:25:44.902 [main] Log - This is request builder
[INFO ] 2025-08-23 17:25:44.902 [main] Log - this is setEmailhh
[INFO ] 2025-08-23 17:25:44.902 [main] Log - this is setEmailhh
[INFO ] 2025-08-23 17:25:44.902 [main] Log - This is the beginning of post request
[INFO ] 2025-08-23 17:25:47.913 [main] Log - This is request builder
[INFO ] 2025-08-23 17:25:47.913 [main] Log - this is setEmailhh
[INFO ] 2025-08-23 17:25:47.913 [main] Log - this is setEmailhh
[INFO ] 2025-08-23 17:25:47.914 [main] Log - This is the beginning of post request
[INFO ] 2025-08-23 17:25:50.934 [main] Log - This is request builder
[INFO ] 2025-08-23 17:25:50.934 [main] Log - this is setEmailhh
[INFO ] 2025-08-23 17:25:50.934 [main] Log - this is setEmailhh
[INFO ] 2025-08-23 17:25:50.936 [main] Log - This is the beginning of post request
[INFO ] 2025-08-23 17:25:53.952 [main] Log - This is request builder
[INFO ] 2025-08-23 17:25:53.952 [main] Log - this is setEmailhh
[INFO ] 2025-08-23 17:25:53.952 [main] Log - this is setEmailhh
[INFO ] 2025-08-23 17:25:53.953 [main] Log - This is the beginning of post request
[INFO ] 2025-08-23 17:25:56.970 [main] Log - This is request builder
[INFO ] 2025-08-23 17:25:56.970 [main] Log - this is setEmailhh
[INFO ] 2025-08-23 17:25:56.970 [main] Log - this is setEmailhh
[INFO ] 2025-08-23 17:25:56.972 [main] Log - This is the beginning of post request
[INFO ] 2025-08-23 17:25:59.986 [main] Log - This is request builder
[INFO ] 2025-08-23 17:25:59.986 [main] Log - this is setEmailhh
[INFO ] 2025-08-23 17:25:59.986 [main] Log - this is setEmailhh
[INFO ] 2025-08-23 17:25:59.986 [main] Log - This is the beginning of post request
[INFO ] 2025-08-23 17:26:03.001 [main] Log - This is request builder
[INFO ] 2025-08-23 17:26:03.001 [main] Log - this is setEmailhh
[INFO ] 2025-08-23 17:26:03.001 [main] Log - this is setEmailhh
[INFO ] 2025-08-23 17:26:03.003 [main] Log - This is the beginning of post request
[INFO ] 2025-08-23 17:26:06.025 [main] Log - This is request builder
[INFO ] 2025-08-23 17:26:06.025 [main] Log - this is setEmailhh
[INFO ] 2025-08-23 17:26:06.025 [main] Log - this is setEmailhh
[INFO ] 2025-08-23 17:26:06.027 [main] Log - This is the beginning of post request
[INFO ] 2025-08-23 17:26:09.040 [main] Log - This is request builder
[INFO ] 2025-08-23 17:26:09.040 [main] Log - this is setEmailhh
[INFO ] 2025-08-23 17:26:09.040 [main] Log - this is setEmailhh
[INFO ] 2025-08-23 17:26:09.040 [main] Log - This is the beginning of post request
[INFO ] 2025-08-23 17:26:12.057 [main] Log - This is request builder
[INFO ] 2025-08-23 17:26:12.057 [main] Log - this is setEmailhh
[INFO ] 2025-08-23 17:26:12.057 [main] Log - this is setEmailhh
[INFO ] 2025-08-23 17:26:12.058 [main] Log - This is the beginning of post request
[INFO ] 2025-08-23 17:26:15.071 [main] Log - This is request builder
[INFO ] 2025-08-23 17:26:15.071 [main] Log - this is setEmailhh
[INFO ] 2025-08-23 17:26:15.071 [main] Log - this is setEmailhh
[INFO ] 2025-08-23 17:26:15.072 [main] Log - This is the beginning of post request
[INFO ] 2025-08-23 17:26:18.090 [main] Log - This is request builder
[INFO ] 2025-08-23 17:26:18.090 [main] Log - this is setEmailhh
[INFO ] 2025-08-23 17:26:18.091 [main] Log - this is setEmailhh
[INFO ] 2025-08-23 17:26:18.092 [main] Log - This is the beginning of post request
[INFO ] 2025-08-23 17:26:21.102 [main] Log - This is request builder
[INFO ] 2025-08-23 17:26:21.104 [main] Log - this is setEmailhh
[INFO ] 2025-08-23 17:26:21.104 [main] Log - this is setEmailhh
[INFO ] 2025-08-23 17:26:21.106 [main] Log - This is the beginning of post request
[INFO ] 2025-08-23 17:26:24.117 [main] Log - This is request builder
[INFO ] 2025-08-23 17:26:24.117 [main] Log - this is setEmailhh
[INFO ] 2025-08-23 17:26:24.117 [main] Log - this is setEmailhh
[INFO ] 2025-08-23 17:26:24.117 [main] Log - This is the beginning of post request
[INFO ] 2025-08-23 17:26:27.124 [main] Log - This is request builder
[INFO ] 2025-08-23 17:26:27.124 [main] Log - this is setEmailhh
[INFO ] 2025-08-23 17:26:27.124 [main] Log - this is setEmailhh
[INFO ] 2025-08-23 17:26:27.125 [main] Log - This is the beginning of post request
[INFO ] 2025-08-23 17:26:30.133 [main] Log - This is request builder
[INFO ] 2025-08-23 17:26:30.133 [main] Log - this is setEmailhh
[INFO ] 2025-08-23 17:26:30.133 [main] Log - this is setEmailhh
[INFO ] 2025-08-23 17:26:30.133 [main] Log - This is the beginning of post request
[INFO ] 2025-08-23 17:26:33.142 [main] Log - This is request builder
[INFO ] 2025-08-23 17:26:33.142 [main] Log - this is setEmailhh
[INFO ] 2025-08-23 17:26:33.142 [main] Log - this is setEmailhh
[INFO ] 2025-08-23 17:26:33.143 [main] Log - This is the beginning of post request
[INFO ] 2025-08-23 17:26:36.160 [main] Log - This is request builder
[INFO ] 2025-08-23 17:26:36.160 [main] Log - this is setEmailhh
[INFO ] 2025-08-23 17:26:36.160 [main] Log - this is setEmailhh
[INFO ] 2025-08-23 17:26:36.162 [main] Log - This is the beginning of post request
[INFO ] 2025-08-23 17:26:39.201 [main] Log - This is request builder
[INFO ] 2025-08-23 17:26:39.201 [main] Log - this is setEmailhh
[INFO ] 2025-08-23 17:26:39.201 [main] Log - this is setEmailhh
[INFO ] 2025-08-23 17:26:39.202 [main] Log - This is the beginning of post request
[INFO ] 2025-08-23 17:26:42.232 [main] Log - This is request builder
[INFO ] 2025-08-23 17:26:42.232 [main] Log - this is setEmailhh
[INFO ] 2025-08-23 17:26:42.232 [main] Log - this is setEmailhh
[INFO ] 2025-08-23 17:26:42.232 [main] Log - This is the beginning of post request
[INFO ] 2025-08-23 17:26:45.243 [main] Log - This is request builder
[INFO ] 2025-08-23 17:26:45.243 [main] Log - this is setEmailhh
[INFO ] 2025-08-23 17:26:45.243 [main] Log - this is setEmailhh
[INFO ] 2025-08-23 17:26:45.243 [main] Log - This is the beginning of post request
[INFO ] 2025-08-23 17:26:48.251 [main] Log - This is request builder
[INFO ] 2025-08-23 17:26:48.251 [main] Log - this is setEmailhh
[INFO ] 2025-08-23 17:26:48.251 [main] Log - this is setEmailhh
[INFO ] 2025-08-23 17:26:48.252 [main] Log - This is the beginning of post request
[INFO ] 2025-08-23 17:26:51.263 [main] Log - This is request builder
[INFO ] 2025-08-23 17:26:51.263 [main] Log - this is setEmailhh
[INFO ] 2025-08-23 17:26:51.263 [main] Log - this is setEmailhh
[INFO ] 2025-08-23 17:26:51.263 [main] Log - This is the beginning of post request
[INFO ] 2025-08-23 17:26:54.279 [main] Log - This is request builder
[INFO ] 2025-08-23 17:26:54.279 [main] Log - this is setEmailhh
[INFO ] 2025-08-23 17:26:54.279 [main] Log - this is setEmailhh
[INFO ] 2025-08-23 17:26:54.280 [main] Log - This is the beginning of post request
[INFO ] 2025-08-23 17:26:57.292 [main] Log - This is request builder
[INFO ] 2025-08-23 17:26:57.292 [main] Log - this is setEmailhh
[INFO ] 2025-08-23 17:26:57.292 [main] Log - this is setEmailhh
[INFO ] 2025-08-23 17:26:57.293 [main] Log - This is the beginning of post request
[INFO ] 2025-08-23 17:27:00.313 [main] Log - This is request builder
[INFO ] 2025-08-23 17:27:00.313 [main] Log - this is setEmailhh
[INFO ] 2025-08-23 17:27:00.313 [main] Log - this is setEmailhh
[INFO ] 2025-08-23 17:27:00.313 [main] Log - This is the beginning of post request
[INFO ] 2025-08-23 17:27:03.340 [main] Log - This is request builder
[INFO ] 2025-08-23 17:27:03.340 [main] Log - this is setEmailhh
[INFO ] 2025-08-23 17:27:03.340 [main] Log - this is setEmailhh
[INFO ] 2025-08-23 17:27:03.340 [main] Log - This is the beginning of post request
[INFO ] 2025-08-23 17:27:06.352 [main] Log - This is request builder
[INFO ] 2025-08-23 17:27:06.352 [main] Log - this is setEmailhh
[INFO ] 2025-08-23 17:27:06.352 [main] Log - this is setEmailhh
[INFO ] 2025-08-23 17:27:06.352 [main] Log - This is the beginning of post request
[INFO ] 2025-08-23 17:27:09.364 [main] Log - This is request builder
[INFO ] 2025-08-23 17:27:09.364 [main] Log - this is setEmailhh
[INFO ] 2025-08-23 17:27:09.364 [main] Log - this is setEmailhh
[INFO ] 2025-08-23 17:27:09.365 [main] Log - This is the beginning of post request
[INFO ] 2025-08-23 17:27:12.386 [main] Log - This is request builder
[INFO ] 2025-08-23 17:27:12.386 [main] Log - this is setEmailhh
[INFO ] 2025-08-23 17:27:12.386 [main] Log - this is setEmailhh
[INFO ] 2025-08-23 17:27:12.387 [main] Log - This is the beginning of post request
[INFO ] 2025-08-23 17:27:15.401 [main] Log - This is request builder
[INFO ] 2025-08-23 17:27:15.401 [main] Log - this is setEmailhh
[INFO ] 2025-08-23 17:27:15.401 [main] Log - this is setEmailhh
[INFO ] 2025-08-23 17:27:15.402 [main] Log - This is the beginning of post request
[INFO ] 2025-08-23 17:27:18.419 [main] Log - This is request builder
[INFO ] 2025-08-23 17:27:18.419 [main] Log - this is setEmailhh
[INFO ] 2025-08-23 17:27:18.419 [main] Log - this is setEmailhh
[INFO ] 2025-08-23 17:27:18.419 [main] Log - This is the beginning of post request
[INFO ] 2025-08-23 17:27:21.438 [main] Log - This is request builder
[INFO ] 2025-08-23 17:27:21.438 [main] Log - this is setEmailhh
[INFO ] 2025-08-23 17:27:21.438 [main] Log - this is setEmailhh
[INFO ] 2025-08-23 17:27:21.440 [main] Log - This is the beginning of post request
[INFO ] 2025-08-23 17:27:24.455 [main] Log - This is request builder
[INFO ] 2025-08-23 17:27:24.455 [main] Log - this is setEmailhh
[INFO ] 2025-08-23 17:27:24.455 [main] Log - this is setEmailhh
[INFO ] 2025-08-23 17:27:24.455 [main] Log - This is the beginning of post request
[INFO ] 2025-08-23 17:27:27.467 [main] Log - This is request builder
[INFO ] 2025-08-23 17:27:27.467 [main] Log - this is setEmailhh
[INFO ] 2025-08-23 17:27:27.467 [main] Log - this is setEmailhh
[INFO ] 2025-08-23 17:27:27.467 [main] Log - This is the beginning of post request
[INFO ] 2025-08-23 17:27:30.475 [main] Log - This is request builder
[INFO ] 2025-08-23 17:27:30.475 [main] Log - this is setEmailhh
[INFO ] 2025-08-23 17:27:30.475 [main] Log - this is setEmailhh
[INFO ] 2025-08-23 17:27:30.476 [main] Log - This is the beginning of post request
[INFO ] 2025-08-23 17:27:33.506 [main] Log - This is request builder
[INFO ] 2025-08-23 17:27:33.506 [main] Log - this is setEmailhh
[INFO ] 2025-08-23 17:27:33.506 [main] Log - this is setEmailhh
[INFO ] 2025-08-23 17:27:33.507 [main] Log - This is the beginning of post request
[INFO ] 2025-08-23 17:27:36.532 [main] Log - This is request builder
[INFO ] 2025-08-23 17:27:36.532 [main] Log - this is setEmailhh
[INFO ] 2025-08-23 17:27:36.532 [main] Log - this is setEmailhh
[INFO ] 2025-08-23 17:27:36.532 [main] Log - This is the beginning of post request
[INFO ] 2025-08-23 17:27:39.544 [main] Log - This is request builder
[INFO ] 2025-08-23 17:27:39.544 [main] Log - this is setEmailhh
[INFO ] 2025-08-23 17:27:39.544 [main] Log - this is setEmailhh
[INFO ] 2025-08-23 17:27:39.545 [main] Log - This is the beginning of post request
[INFO ] 2025-08-23 17:27:42.557 [main] Log - This is request builder
[INFO ] 2025-08-23 17:27:42.557 [main] Log - this is setEmailhh
[INFO ] 2025-08-23 17:27:42.557 [main] Log - this is setEmailhh
[INFO ] 2025-08-23 17:27:42.557 [main] Log - This is the beginning of post request
[INFO ] 2025-08-23 17:27:45.564 [main] Log - This is request builder
[INFO ] 2025-08-23 17:27:45.564 [main] Log - this is setEmailhh
[INFO ] 2025-08-23 17:27:45.564 [main] Log - this is setEmailhh
[INFO ] 2025-08-23 17:27:45.565 [main] Log - This is the beginning of post request
[INFO ] 2025-08-23 17:27:48.591 [main] Log - This is request builder
[INFO ] 2025-08-23 17:27:48.591 [main] Log - this is setEmailhh
[INFO ] 2025-08-23 17:27:48.591 [main] Log - this is setEmailhh
[INFO ] 2025-08-23 17:27:48.592 [main] Log - This is the beginning of post request
[INFO ] 2025-08-23 17:27:51.615 [main] Log - This is request builder
[INFO ] 2025-08-23 17:27:51.615 [main] Log - this is setEmailhh
[INFO ] 2025-08-23 17:27:51.615 [main] Log - this is setEmailhh
[INFO ] 2025-08-23 17:27:51.616 [main] Log - This is the beginning of post request
[INFO ] 2025-08-23 17:27:54.635 [main] Log - This is request builder
[INFO ] 2025-08-23 17:27:54.635 [main] Log - this is setEmailhh
[INFO ] 2025-08-23 17:27:54.635 [main] Log - this is setEmailhh
[INFO ] 2025-08-23 17:27:54.636 [main] Log - This is the beginning of post request
[INFO ] 2025-08-23 17:27:57.646 [main] Log - This is request builder
[INFO ] 2025-08-23 17:27:57.646 [main] Log - this is setEmailhh
[INFO ] 2025-08-23 17:27:57.646 [main] Log - this is setEmailhh
[INFO ] 2025-08-23 17:27:57.647 [main] Log - This is the beginning of post request
[INFO ] 2025-08-23 17:28:00.666 [main] Log - This is request builder
[INFO ] 2025-08-23 17:28:00.666 [main] Log - this is setEmailhh
[INFO ] 2025-08-23 17:28:00.666 [main] Log - this is setEmailhh
[INFO ] 2025-08-23 17:28:00.667 [main] Log - This is the beginning of post request
[INFO ] 2025-08-23 17:28:03.686 [main] Log - This is request builder
[INFO ] 2025-08-23 17:28:03.686 [main] Log - this is setEmailhh
[INFO ] 2025-08-23 17:28:03.686 [main] Log - this is setEmailhh
[INFO ] 2025-08-23 17:28:03.686 [main] Log - This is the beginning of post request
[INFO ] 2025-08-23 17:28:06.702 [main] Log - This is request builder
[INFO ] 2025-08-23 17:28:06.702 [main] Log - this is setEmailhh
[INFO ] 2025-08-23 17:28:06.702 [main] Log - this is setEmailhh
[INFO ] 2025-08-23 17:28:06.703 [main] Log - This is the beginning of post request
[INFO ] 2025-08-23 17:28:09.717 [main] Log - This is request builder
[INFO ] 2025-08-23 17:28:09.717 [main] Log - this is setEmailhh
[INFO ] 2025-08-23 17:28:09.717 [main] Log - this is setEmailhh
[INFO ] 2025-08-23 17:28:09.718 [main] Log - This is the beginning of post request
[INFO ] 2025-08-23 17:28:12.736 [main] Log - This is request builder
[INFO ] 2025-08-23 17:28:12.736 [main] Log - this is setEmailhh
[INFO ] 2025-08-23 17:28:12.736 [main] Log - this is setEmailhh
[INFO ] 2025-08-23 17:28:12.736 [main] Log - This is the beginning of post request
[INFO ] 2025-08-23 17:28:15.754 [main] Log - This is request builder
[INFO ] 2025-08-23 17:28:15.754 [main] Log - this is setEmailhh
[INFO ] 2025-08-23 17:28:15.754 [main] Log - this is setEmailhh
[INFO ] 2025-08-23 17:28:15.755 [main] Log - This is the beginning of post request
[INFO ] 2025-08-23 17:28:18.779 [main] Log - This is request builder
[INFO ] 2025-08-23 17:28:18.779 [main] Log - this is setEmailhh
[INFO ] 2025-08-23 17:28:18.779 [main] Log - this is setEmailhh
[INFO ] 2025-08-23 17:28:18.781 [main] Log - This is the beginning of post request
[INFO ] 2025-08-23 17:28:21.800 [main] Log - This is request builder
[INFO ] 2025-08-23 17:28:21.800 [main] Log - this is setEmailhh
[INFO ] 2025-08-23 17:28:21.800 [main] Log - this is setEmailhh
[INFO ] 2025-08-23 17:28:21.801 [main] Log - This is the beginning of post request
[INFO ] 2025-08-23 17:28:24.816 [main] Log - This is request builder
[INFO ] 2025-08-23 17:28:24.816 [main] Log - this is setEmailhh
[INFO ] 2025-08-23 17:28:24.816 [main] Log - this is setEmailhh
[INFO ] 2025-08-23 17:28:24.817 [main] Log - This is the beginning of post request
[INFO ] 2025-08-23 17:28:27.832 [main] Log - This is request builder
[INFO ] 2025-08-23 17:28:27.832 [main] Log - this is setEmailhh
[INFO ] 2025-08-23 17:28:27.832 [main] Log - this is setEmailhh
[INFO ] 2025-08-23 17:28:27.833 [main] Log - This is the beginning of post request
[INFO ] 2025-08-23 17:28:30.855 [main] Log - This is request builder
[INFO ] 2025-08-23 17:28:30.855 [main] Log - this is setEmailhh
[INFO ] 2025-08-23 17:28:30.855 [main] Log - this is setEmailhh
[INFO ] 2025-08-23 17:28:30.856 [main] Log - This is the beginning of post request
[INFO ] 2025-08-23 17:28:33.869 [main] Log - This is request builder
[INFO ] 2025-08-23 17:28:33.869 [main] Log - this is setEmailhh
[INFO ] 2025-08-23 17:28:33.869 [main] Log - this is setEmailhh
[INFO ] 2025-08-23 17:28:33.870 [main] Log - This is the beginning of post request
[INFO ] 2025-08-23 17:28:36.894 [main] Log - This is request builder
[INFO ] 2025-08-23 17:28:36.894 [main] Log - this is setEmailhh
[INFO ] 2025-08-23 17:28:36.894 [main] Log - this is setEmailhh
[INFO ] 2025-08-23 17:28:36.895 [main] Log - This is the beginning of post request
[INFO ] 2025-08-23 17:28:39.905 [main] Log - This is request builder
[INFO ] 2025-08-23 17:28:39.905 [main] Log - this is setEmailhh
[INFO ] 2025-08-23 17:28:39.905 [main] Log - this is setEmailhh
[INFO ] 2025-08-23 17:28:39.906 [main] Log - This is the beginning of post request
[INFO ] 2025-08-23 17:28:42.929 [main] Log - This is request builder
[INFO ] 2025-08-23 17:28:42.929 [main] Log - this is setEmailhh
[INFO ] 2025-08-23 17:28:42.929 [main] Log - this is setEmailhh
[INFO ] 2025-08-23 17:28:42.929 [main] Log - This is the beginning of post request
[INFO ] 2025-08-23 17:28:45.952 [main] Log - This is request builder
[INFO ] 2025-08-23 17:28:45.952 [main] Log - this is setEmailhh
[INFO ] 2025-08-23 17:28:45.952 [main] Log - this is setEmailhh
[INFO ] 2025-08-23 17:28:45.953 [main] Log - This is the beginning of post request
[INFO ] 2025-08-23 17:28:48.974 [main] Log - This is request builder
[INFO ] 2025-08-23 17:28:48.974 [main] Log - this is setEmailhh
[INFO ] 2025-08-23 17:28:48.974 [main] Log - this is setEmailhh
[INFO ] 2025-08-23 17:28:48.975 [main] Log - This is the beginning of post request
[INFO ] 2025-08-23 17:28:51.997 [main] Log - This is request builder
[INFO ] 2025-08-23 17:28:51.997 [main] Log - this is setEmailhh
[INFO ] 2025-08-23 17:28:51.997 [main] Log - this is setEmailhh
[INFO ] 2025-08-23 17:28:51.998 [main] Log - This is the beginning of post request
[INFO ] 2025-08-23 17:28:55.015 [main] Log - This is request builder
[INFO ] 2025-08-23 17:28:55.015 [main] Log - this is setEmailhh
[INFO ] 2025-08-23 17:28:55.015 [main] Log - this is setEmailhh
[INFO ] 2025-08-23 17:28:55.016 [main] Log - This is the beginning of post request
[INFO ] 2025-08-23 17:28:58.040 [main] Log - This is request builder
[INFO ] 2025-08-23 17:28:58.040 [main] Log - this is setEmailhh
[INFO ] 2025-08-23 17:28:58.040 [main] Log - this is setEmailhh
[INFO ] 2025-08-23 17:28:58.040 [main] Log - This is the beginning of post request
[INFO ] 2025-08-23 17:29:01.055 [main] Log - This is request builder
[INFO ] 2025-08-23 17:29:01.055 [main] Log - this is setEmailhh
[INFO ] 2025-08-23 17:29:01.055 [main] Log - this is setEmailhh
[INFO ] 2025-08-23 17:29:01.056 [main] Log - This is the beginning of post request
[INFO ] 2025-08-23 17:29:04.074 [main] Log - This is request builder
[INFO ] 2025-08-23 17:29:04.074 [main] Log - this is setEmailhh
[INFO ] 2025-08-23 17:29:04.074 [main] Log - this is setEmailhh
[INFO ] 2025-08-23 17:29:04.075 [main] Log - This is the beginning of post request
[INFO ] 2025-08-23 17:29:07.094 [main] Log - This is request builder
[INFO ] 2025-08-23 17:29:07.094 [main] Log - this is setEmailhh
[INFO ] 2025-08-23 17:29:07.094 [main] Log - this is setEmailhh
[INFO ] 2025-08-23 17:29:07.095 [main] Log - This is the beginning of post request
[INFO ] 2025-08-23 17:29:10.115 [main] Log - This is request builder
[INFO ] 2025-08-23 17:29:10.115 [main] Log - this is setEmailhh
[INFO ] 2025-08-23 17:29:10.115 [main] Log - this is setEmailhh
[INFO ] 2025-08-23 17:29:10.115 [main] Log - This is the beginning of post request
[INFO ] 2025-08-23 17:29:13.129 [main] Log - This is request builder
[INFO ] 2025-08-23 17:29:13.129 [main] Log - this is setEmailhh
[INFO ] 2025-08-23 17:29:13.129 [main] Log - this is setEmailhh
[INFO ] 2025-08-23 17:29:13.130 [main] Log - This is the beginning of post request
[INFO ] 2025-08-23 17:29:16.154 [main] Log - This is request builder
[INFO ] 2025-08-23 17:29:16.154 [main] Log - this is setEmailhh
[INFO ] 2025-08-23 17:29:16.154 [main] Log - this is setEmailhh
[INFO ] 2025-08-23 17:29:16.155 [main] Log - This is the beginning of post request
[INFO ] 2025-08-23 17:29:19.167 [main] Log - This is request builder
[INFO ] 2025-08-23 17:29:19.167 [main] Log - this is setEmailhh
[INFO ] 2025-08-23 17:29:19.167 [main] Log - this is setEmailhh
[INFO ] 2025-08-23 17:29:19.167 [main] Log - This is the beginning of post request
[INFO ] 2025-08-23 17:29:22.191 [main] Log - This is request builder
[INFO ] 2025-08-23 17:29:22.191 [main] Log - this is setEmailhh
[INFO ] 2025-08-23 17:29:22.191 [main] Log - this is setEmailhh
[INFO ] 2025-08-23 17:29:22.191 [main] Log - This is the beginning of post request
[INFO ] 2025-08-23 17:29:25.215 [main] Log - This is request builder
[INFO ] 2025-08-23 17:29:25.215 [main] Log - this is setEmailhh
[INFO ] 2025-08-23 17:29:25.215 [main] Log - this is setEmailhh
[INFO ] 2025-08-23 17:29:25.215 [main] Log - This is the beginning of post request
[INFO ] 2025-08-23 17:29:28.230 [main] Log - This is request builder
[INFO ] 2025-08-23 17:29:28.230 [main] Log - this is setEmailhh
[INFO ] 2025-08-23 17:29:28.230 [main] Log - this is setEmailhh
[INFO ] 2025-08-23 17:29:28.231 [main] Log - This is the beginning of post request
[INFO ] 2025-08-23 17:29:31.247 [main] Log - This is request builder
[INFO ] 2025-08-23 17:29:31.247 [main] Log - this is setEmailhh
[INFO ] 2025-08-23 17:29:31.247 [main] Log - this is setEmailhh
[INFO ] 2025-08-23 17:29:31.247 [main] Log - This is the beginning of post request
[INFO ] 2025-08-23 17:29:34.254 [main] Log - This is request builder
[INFO ] 2025-08-23 17:29:34.254 [main] Log - this is setEmailhh
[INFO ] 2025-08-23 17:29:34.254 [main] Log - this is setEmailhh
[INFO ] 2025-08-23 17:29:34.255 [main] Log - This is the beginning of post request
[INFO ] 2025-08-23 17:29:37.284 [main] Log - This is request builder
[INFO ] 2025-08-23 17:29:37.284 [main] Log - this is setEmailhh
[INFO ] 2025-08-23 17:29:37.284 [main] Log - this is setEmailhh
[INFO ] 2025-08-23 17:29:37.284 [main] Log - This is the beginning of post request
[INFO ] 2025-08-23 17:29:40.307 [main] Log - This is request builder
[INFO ] 2025-08-23 17:29:40.307 [main] Log - this is setEmailhh
[INFO ] 2025-08-23 17:29:40.307 [main] Log - this is setEmailhh
[INFO ] 2025-08-23 17:29:40.308 [main] Log - This is the beginning of post request
[INFO ] 2025-08-23 17:29:43.333 [main] Log - This is request builder
[INFO ] 2025-08-23 17:29:43.333 [main] Log - this is setEmailhh
[INFO ] 2025-08-23 17:29:43.333 [main] Log - this is setEmailhh
[INFO ] 2025-08-23 17:29:43.335 [main] Log - This is the beginning of post request
[INFO ] 2025-08-23 17:29:46.344 [main] Log - This is request builder
[INFO ] 2025-08-23 17:29:46.344 [main] Log - this is setEmailhh
[INFO ] 2025-08-23 17:29:46.344 [main] Log - this is setEmailhh
[INFO ] 2025-08-23 17:29:46.344 [main] Log - This is the beginning of post request
[INFO ] 2025-08-23 17:29:49.368 [main] Log - This is request builder
[INFO ] 2025-08-23 17:29:49.368 [main] Log - this is setEmailhh
[INFO ] 2025-08-23 17:29:49.368 [main] Log - this is setEmailhh
[INFO ] 2025-08-23 17:29:49.369 [main] Log - This is the beginning of post request
[INFO ] 2025-08-23 17:29:52.380 [main] Log - This is request builder
[INFO ] 2025-08-23 17:29:52.380 [main] Log - this is setEmailhh
[INFO ] 2025-08-23 17:29:52.380 [main] Log - this is setEmailhh
[INFO ] 2025-08-23 17:29:52.381 [main] Log - This is the beginning of post request
[INFO ] 2025-08-23 17:29:55.389 [main] Log - This is request builder
[INFO ] 2025-08-23 17:29:55.389 [main] Log - this is setEmailhh
[INFO ] 2025-08-23 17:29:55.389 [main] Log - this is setEmailhh
[INFO ] 2025-08-23 17:29:55.389 [main] Log - This is the beginning of post request
[INFO ] 2025-08-23 17:29:58.401 [main] Log - This is request builder
[INFO ] 2025-08-23 17:29:58.401 [main] Log - this is setEmailhh
[INFO ] 2025-08-23 17:29:58.401 [main] Log - this is setEmailhh
[INFO ] 2025-08-23 17:29:58.401 [main] Log - This is the beginning of post request
[INFO ] 2025-08-23 17:30:01.411 [main] Log - This is request builder
[INFO ] 2025-08-23 17:30:01.411 [main] Log - this is setEmailhh
[INFO ] 2025-08-23 17:30:01.411 [main] Log - this is setEmailhh
[INFO ] 2025-08-23 17:30:01.412 [main] Log - This is the beginning of post request
[INFO ] 2025-08-23 17:30:04.433 [main] Log - This is request builder
[INFO ] 2025-08-23 17:30:04.433 [main] Log - this is setEmailhh
[INFO ] 2025-08-23 17:30:04.433 [main] Log - this is setEmailhh
[INFO ] 2025-08-23 17:30:04.434 [main] Log - This is the beginning of post request
[INFO ] 2025-08-23 17:30:07.460 [main] Log - This is request builder
[INFO ] 2025-08-23 17:30:07.460 [main] Log - this is setEmailhh
[INFO ] 2025-08-23 17:30:07.460 [main] Log - this is setEmailhh
[INFO ] 2025-08-23 17:30:07.461 [main] Log - This is the beginning of post request
[INFO ] 2025-08-23 17:30:10.484 [main] Log - This is request builder
[INFO ] 2025-08-23 17:30:10.484 [main] Log - this is setEmailhh
[INFO ] 2025-08-23 17:30:10.484 [main] Log - this is setEmailhh
[INFO ] 2025-08-23 17:30:10.484 [main] Log - This is the beginning of post request
[INFO ] 2025-08-23 17:30:13.504 [main] Log - This is request builder
[INFO ] 2025-08-23 17:30:13.504 [main] Log - this is setEmailhh
[INFO ] 2025-08-23 17:30:13.504 [main] Log - this is setEmailhh
[INFO ] 2025-08-23 17:30:13.504 [main] Log - This is the beginning of post request
[INFO ] 2025-08-23 17:33:11.851 [main] Log - This is request builder
[INFO ] 2025-08-23 17:33:11.851 [main] Log - this is setEmailhh
[INFO ] 2025-08-23 17:33:11.851 [main] Log - this is setEmailhh
[INFO ] 2025-08-23 17:33:11.882 [main] Log - This is the beginning of post request
[INFO ] 2025-08-23 17:33:15.749 [main] Log - This is request builder
[INFO ] 2025-08-23 17:33:15.749 [main] Log - this is setEmailhh
[INFO ] 2025-08-23 17:33:15.749 [main] Log - this is setEmailhh
[INFO ] 2025-08-23 17:33:15.749 [main] Log - This is the beginning of post request
[INFO ] 2025-08-23 17:33:18.775 [main] Log - This is request builder
[INFO ] 2025-08-23 17:33:18.775 [main] Log - this is setEmailhh
[INFO ] 2025-08-23 17:33:18.775 [main] Log - this is setEmailhh
[INFO ] 2025-08-23 17:33:18.775 [main] Log - This is the beginning of post request
[INFO ] 2025-08-23 17:33:21.801 [main] Log - This is request builder
[INFO ] 2025-08-23 17:33:21.801 [main] Log - this is setEmailhh
[INFO ] 2025-08-23 17:33:21.801 [main] Log - this is setEmailhh
[INFO ] 2025-08-23 17:33:21.801 [main] Log - This is the beginning of post request
[INFO ] 2025-08-23 17:33:24.817 [main] Log - This is request builder
[INFO ] 2025-08-23 17:33:24.817 [main] Log - this is setEmailhh
[INFO ] 2025-08-23 17:33:24.818 [main] Log - this is setEmailhh
[INFO ] 2025-08-23 17:33:24.818 [main] Log - This is the beginning of post request
[INFO ] 2025-08-23 17:33:27.833 [main] Log - This is request builder
[INFO ] 2025-08-23 17:33:27.833 [main] Log - this is setEmailhh
[INFO ] 2025-08-23 17:33:27.833 [main] Log - this is setEmailhh
[INFO ] 2025-08-23 17:33:27.833 [main] Log - This is the beginning of post request
[INFO ] 2025-08-23 17:34:38.332 [main] Log - This is request builder
[INFO ] 2025-08-23 17:34:38.332 [main] Log - this is setEmailhh
[INFO ] 2025-08-23 17:34:38.332 [main] Log - this is setEmailhh
[INFO ] 2025-08-23 17:34:38.378 [main] Log - This is the beginning of post request
[INFO ] 2025-08-23 17:34:42.245 [main] Log - This is request builder
[INFO ] 2025-08-23 17:34:42.246 [main] Log - this is setEmailhh
[INFO ] 2025-08-23 17:34:42.246 [main] Log - this is setEmailhh
[INFO ] 2025-08-23 17:34:42.248 [main] Log - This is the beginning of post request
[INFO ] 2025-08-23 17:34:45.267 [main] Log - This is request builder
[INFO ] 2025-08-23 17:34:45.267 [main] Log - this is setEmailhh
[INFO ] 2025-08-23 17:34:45.268 [main] Log - this is setEmailhh
[INFO ] 2025-08-23 17:34:45.269 [main] Log - This is the beginning of post request
[INFO ] 2025-08-23 17:34:48.351 [main] Log - This is request builder
[INFO ] 2025-08-23 17:34:48.351 [main] Log - this is setEmailhh
[INFO ] 2025-08-23 17:34:48.351 [main] Log - this is setEmailhh
[INFO ] 2025-08-23 17:34:48.352 [main] Log - This is the beginning of post request
[INFO ] 2025-08-23 17:34:51.372 [main] Log - This is request builder
[INFO ] 2025-08-23 17:34:51.372 [main] Log - this is setEmailhh
[INFO ] 2025-08-23 17:34:51.372 [main] Log - this is setEmailhh
[INFO ] 2025-08-23 17:34:51.373 [main] Log - This is the beginning of post request
[INFO ] 2025-08-23 17:34:54.387 [main] Log - This is request builder
[INFO ] 2025-08-23 17:34:54.387 [main] Log - this is setEmailhh
[INFO ] 2025-08-23 17:34:54.387 [main] Log - this is setEmailhh
[INFO ] 2025-08-23 17:34:54.388 [main] Log - This is the beginning of post request
[INFO ] 2025-08-23 17:34:57.401 [main] Log - This is request builder
[INFO ] 2025-08-23 17:34:57.401 [main] Log - this is setEmailhh
[INFO ] 2025-08-23 17:34:57.401 [main] Log - this is setEmailhh
[INFO ] 2025-08-23 17:34:57.402 [main] Log - This is the beginning of post request
[INFO ] 2025-08-23 17:35:00.426 [main] Log - This is request builder
[INFO ] 2025-08-23 17:35:00.427 [main] Log - this is setEmailhh
[INFO ] 2025-08-23 17:35:00.427 [main] Log - this is setEmailhh
[INFO ] 2025-08-23 17:35:00.428 [main] Log - This is the beginning of post request
[INFO ] 2025-08-23 17:35:03.465 [main] Log - This is request builder
[INFO ] 2025-08-23 17:35:03.465 [main] Log - this is setEmailhh
[INFO ] 2025-08-23 17:35:03.465 [main] Log - this is setEmailhh
[INFO ] 2025-08-23 17:35:03.465 [main] Log - This is the beginning of post request
[INFO ] 2025-08-23 17:35:06.481 [main] Log - This is request builder
[INFO ] 2025-08-23 17:35:06.481 [main] Log - this is setEmailhh
[INFO ] 2025-08-23 17:35:06.481 [main] Log - this is setEmailhh
[INFO ] 2025-08-23 17:35:06.483 [main] Log - This is the beginning of post request
[INFO ] 2025-08-23 17:35:09.498 [main] Log - This is request builder
[INFO ] 2025-08-23 17:35:09.498 [main] Log - this is setEmailhh
[INFO ] 2025-08-23 17:35:09.498 [main] Log - this is setEmailhh
[INFO ] 2025-08-23 17:35:09.500 [main] Log - This is the beginning of post request
[INFO ] 2025-08-23 17:35:12.524 [main] Log - This is request builder
[INFO ] 2025-08-23 17:35:12.525 [main] Log - this is setEmailhh
[INFO ] 2025-08-23 17:35:12.525 [main] Log - this is setEmailhh
[INFO ] 2025-08-23 17:35:12.526 [main] Log - This is the beginning of post request
[INFO ] 2025-08-23 17:35:15.548 [main] Log - This is request builder
[INFO ] 2025-08-23 17:35:15.548 [main] Log - this is setEmailhh
[INFO ] 2025-08-23 17:35:15.549 [main] Log - this is setEmailhh
[INFO ] 2025-08-23 17:35:15.550 [main] Log - This is the beginning of post request
